[    0.000000] Linux version 4.15.0-212-generic (buildd@lcy02-amd64-083) (gcc version 7.5.0 (Ubuntu 7.5.0-3ubuntu1~18.04)) #223-Ubuntu SMP Tue May 23 13:09:22 UTC 2023 (Ubuntu 4.15.0-212.223-generic 4.15.18)
[    0.000000] Command line: BOOT_IMAGE=/boot/vmlinuz-4.15.0-212-generic root=LABEL=cloudimg-rootfs ro console=tty1 console=ttyS0
[    0.000000] KERNEL supported cpus:
[    0.000000]   Intel GenuineIntel
[    0.000000]   AMD AuthenticAMD
[    0.000000]   Centaur CentaurHauls
[    0.000000] [Firmware Bug]: TSC doesn't count with P0 frequency!
[    0.000000] x86/fpu: Supporting XSAVE feature 0x001: 'x87 floating point registers'
[    0.000000] x86/fpu: Supporting XSAVE feature 0x002: 'SSE registers'
[    0.000000] x86/fpu: Supporting XSAVE feature 0x004: 'AVX registers'
[    0.000000] x86/fpu: xstate_offset[2]:  576, xstate_sizes[2]:  256
[    0.000000] x86/fpu: Enabled xstate features 0x7, context size is 832 bytes, using 'standard' format.
[    0.000000] e820: BIOS-provided physical RAM map:
[    0.000000] BIOS-e820: [mem 0x0000000000000000-0x000000000009fbff] usable
[    0.000000] BIOS-e820: [mem 0x000000000009fc00-0x000000000009ffff] reserved
[    0.000000] BIOS-e820: [mem 0x00000000000f0000-0x00000000000fffff] reserved
[    0.000000] BIOS-e820: [mem 0x0000000000100000-0x000000003ffeffff] usable
[    0.000000] BIOS-e820: [mem 0x000000003fff0000-0x000000003fffffff] ACPI data
[    0.000000] BIOS-e820: [mem 0x00000000fec00000-0x00000000fec00fff] reserved
[    0.000000] BIOS-e820: [mem 0x00000000fee00000-0x00000000fee00fff] reserved
[    0.000000] BIOS-e820: [mem 0x00000000fffc0000-0x00000000ffffffff] reserved
[    0.000000] NX (Execute Disable) protection: active
[    0.000000] SMBIOS 2.5 present.
[    0.000000] DMI: innotek GmbH VirtualBox/VirtualBox, BIOS VirtualBox 12/01/2006
[    0.000000] Hypervisor detected: KVM
[    0.000000] e820: last_pfn = 0x3fff0 max_arch_pfn = 0x400000000
[    0.000000] x86/PAT: Configuration [0-7]: WB  WC  UC- UC  WB  WP  UC- WT  
[    0.000000] found SMP MP-table at [mem 0x0009fbf0-0x0009fbff]
[    0.000000] Scanning 1 areas for low memory corruption
[    0.000000] RAMDISK: [mem 0x359cb000-0x36cdcfff]
[    0.000000] ACPI: Early table checksum verification disabled
[    0.000000] ACPI: RSDP 0x00000000000E0000 000024 (v02 VBOX  )
[    0.000000] ACPI: XSDT 0x000000003FFF0030 00003C (v01 VBOX   VBOXXSDT 00000001 ASL  00000061)
[    0.000000] ACPI: FACP 0x000000003FFF00F0 0000F4 (v04 VBOX   VBOXFACP 00000001 ASL  00000061)
[    0.000000] ACPI: DSDT 0x000000003FFF0610 002353 (v02 VBOX   VBOXBIOS 00000002 INTL 20100528)
[    0.000000] ACPI: FACS 0x000000003FFF0200 000040
[    0.000000] ACPI: FACS 0x000000003FFF0200 000040
[    0.000000] ACPI: APIC 0x000000003FFF0240 000054 (v02 VBOX   VBOXAPIC 00000001 ASL  00000061)
[    0.000000] ACPI: SSDT 0x000000003FFF02A0 00036C (v01 VBOX   VBOXCPUT 00000002 INTL 20100528)
[    0.000000] ACPI: Reserving FACP table memory at [mem 0x3fff00f0-0x3fff01e3]
[    0.000000] ACPI: Reserving DSDT table memory at [mem 0x3fff0610-0x3fff2962]
[    0.000000] ACPI: Reserving FACS table memory at [mem 0x3fff0200-0x3fff023f]
[    0.000000] ACPI: Reserving FACS table memory at [mem 0x3fff0200-0x3fff023f]
[    0.000000] ACPI: Reserving APIC table memory at [mem 0x3fff0240-0x3fff0293]
[    0.000000] ACPI: Reserving SSDT table memory at [mem 0x3fff02a0-0x3fff060b]
[    0.000000] No NUMA configuration found
[    0.000000] Faking a node at [mem 0x0000000000000000-0x000000003ffeffff]
[    0.000000] NODE_DATA(0) allocated [mem 0x3ffc5000-0x3ffeffff]
[    0.000000] kvm-clock: cpu 0, msr 0:3ff44001, primary cpu clock
[    0.000000] kvm-clock: Using msrs 4b564d01 and 4b564d00
[    0.000000] kvm-clock: using sched offset of 3183277123 cycles
[    0.000000] clocksource: kvm-clock: mask: 0xffffffffffffffff max_cycles: 0x1cd42e4dffb, max_idle_ns: 881590591483 ns
[    0.000000] Zone ranges:
[    0.000000]   DMA      [mem 0x0000000000001000-0x0000000000ffffff]
[    0.000000]   DMA32    [mem 0x0000000001000000-0x000000003ffeffff]
[    0.000000]   Normal   empty
[    0.000000]   Device   empty
[    0.000000] Movable zone start for each node
[    0.000000] Early memory node ranges
[    0.000000]   node   0: [mem 0x0000000000001000-0x000000000009efff]
[    0.000000]   node   0: [mem 0x0000000000100000-0x000000003ffeffff]
[    0.000000] Reserved but unavailable: 104 pages
[    0.000000] Initmem setup node 0 [mem 0x0000000000001000-0x000000003ffeffff]
[    0.000000] ACPI: PM-Timer IO Port: 0x4008
[    0.000000] IOAPIC[0]: apic_id 1, version 32, address 0xfec00000, GSI 0-23
[    0.000000] ACPI: INT_SRC_OVR (bus 0 bus_irq 0 global_irq 2 dfl dfl)
[    0.000000] ACPI: INT_SRC_OVR (bus 0 bus_irq 9 global_irq 9 low level)
[    0.000000] Using ACPI (MADT) for SMP configuration information
[    0.000000] smpboot: Allowing 1 CPUs, 0 hotplug CPUs
[    0.000000] PM: Registered nosave memory: [mem 0x00000000-0x00000fff]
[    0.000000] PM: Registered nosave memory: [mem 0x0009f000-0x0009ffff]
[    0.000000] PM: Registered nosave memory: [mem 0x000a0000-0x000effff]
[    0.000000] PM: Registered nosave memory: [mem 0x000f0000-0x000fffff]
[    0.000000] e820: [mem 0x40000000-0xfebfffff] available for PCI devices
[    0.000000] Booting paravirtualized kernel on KVM
[    0.000000] clocksource: refined-jiffies: mask: 0xffffffff max_cycles: 0xffffffff, max_idle_ns: 7645519600211568 ns
[    0.000000] setup_percpu: NR_CPUS:8192 nr_cpumask_bits:1 nr_cpu_ids:1 nr_node_ids:1
[    0.000000] percpu: Embedded 50 pages/cpu s167936 r8192 d28672 u2097152
[    0.000000] PV qspinlock hash table entries: 256 (order: 0, 4096 bytes)
[    0.000000] Built 1 zonelists, mobility grouping on.  Total pages: 257913
[    0.000000] Policy zone: DMA32
[    0.000000] Kernel command line: BOOT_IMAGE=/boot/vmlinuz-4.15.0-212-generic root=LABEL=cloudimg-rootfs ro console=tty1 console=ttyS0
[    0.000000] Memory: 982844K/1048120K available (12300K kernel code, 2477K rwdata, 4324K rodata, 2480K init, 2720K bss, 65276K reserved, 0K cma-reserved)
[    0.000000] SLUB: HWalign=64, Order=0-3, MinObjects=0, CPUs=1, Nodes=1
[    0.000000] ftrace: allocating 39508 entries in 155 pages
[    0.004000] Hierarchical RCU implementation.
[    0.004000] 	RCU restricting CPUs from NR_CPUS=8192 to nr_cpu_ids=1.
[    0.004000] 	Tasks RCU enabled.
[    0.004000] RCU: Adjusting geometry for rcu_fanout_leaf=16, nr_cpu_ids=1
[    0.004000] NR_IRQS: 524544, nr_irqs: 256, preallocated irqs: 16
[    0.004000] random: crng init done
[    0.004000] Console: colour VGA+ 80x25
[    0.004000] console [tty1] enabled
[    0.004000] console [ttyS0] enabled
[    0.004000] ACPI: Core revision 20170831
[    0.004000] ACPI: 2 ACPI AML tables successfully acquired and loaded
[    0.004000] APIC: Switch to symmetric I/O mode setup
[    0.004000] x2apic enabled
[    0.004000] Switched APIC routing to physical x2apic.
[    0.004000] ..TIMER: vector=0x30 apic1=0 pin1=2 apic2=-1 pin2=-1
[    0.004000] tsc: Detected 3892.696 MHz processor
[    0.004000] Calibrating delay loop (skipped) preset value.. 7785.39 BogoMIPS (lpj=15570784)
[    0.004003] pid_max: default: 32768 minimum: 301
[    0.004543] Security Framework initialized
[    0.005026] Yama: becoming mindful.
[    0.005448] AppArmor: AppArmor initialized
[    0.006063] Dentry cache hash table entries: 131072 (order: 8, 1048576 bytes)
[    0.006875] Inode-cache hash table entries: 65536 (order: 7, 524288 bytes)
[    0.008011] Mount-cache hash table entries: 2048 (order: 2, 16384 bytes)
[    0.008688] Mountpoint-cache hash table entries: 2048 (order: 2, 16384 bytes)
[    0.009863] CPU0: Hyper-Threading is disabled
[    0.010431] Last level iTLB entries: 4KB 512, 2MB 512, 4MB 256
[    0.011345] Last level dTLB entries: 4KB 2048, 2MB 2048, 4MB 1024, 1GB 0
[    0.012003] Spectre V1 : Mitigation: usercopy/swapgs barriers and __user pointer sanitization
[    0.012876] Spectre V2 : Mitigation: Retpolines
[    0.013373] Spectre V2 : Spectre v2 / SpectreRSB mitigation: Filling RSB on context switch
[    0.014201] Spectre V2 : Spectre v2 / SpectreRSB : Filling RSB on VMEXIT
[    0.020000] Freeing SMP alternatives memory: 36K
[    0.129037] smpboot: CPU0: AMD Ryzen 5 5600G with Radeon Graphics (family: 0x19, model: 0x50, stepping: 0x0)
[    0.130318] Performance Events: PMU not available due to virtualization, using software events only.
[    0.131362] Hierarchical SRCU implementation.
[    0.132000] NMI watchdog: Perf event create on CPU 0 failed with -2
[    0.132002] NMI watchdog: Perf NMI watchdog permanently disabled
[    0.132675] smp: Bringing up secondary CPUs ...
[    0.133202] smp: Brought up 1 node, 1 CPU
[    0.133676] smpboot: Max logical packages: 1
[    0.134150] smpboot: Total of 1 processors activated (7785.39 BogoMIPS)
[    0.134992] devtmpfs: initialized
[    0.136036] x86/mm: Memory block size: 128MB
[    0.136573] evm: security.selinux
[    0.136992] evm: security.SMACK64
[    0.137359] evm: security.SMACK64EXEC
[    0.137775] evm: security.SMACK64TRANSMUTE
[    0.138233] evm: security.SMACK64MMAP
[    0.138655] evm: security.apparmor
[    0.139088] evm: security.ima
[    0.139427] evm: security.capability
[    0.139921] clocksource: jiffies: mask: 0xffffffff max_cycles: 0xffffffff, max_idle_ns: 7645041785100000 ns
[    0.140006] futex hash table entries: 256 (order: 2, 16384 bytes)
[    0.140713] pinctrl core: initialized pinctrl subsystem
[    0.141372] RTC time:  6:01:23, date: 07/19/25
[    0.141929] NET: Registered protocol family 16
[    0.142482] audit: initializing netlink subsys (disabled)
[    0.143157] cpuidle: using governor ladder
[    0.144006] cpuidle: using governor menu
[    0.144617] audit: type=2000 audit(1752904887.887:1): state=initialized audit_enabled=0 res=1
[    0.145642] ACPI: bus type PCI registered
[    0.146163] acpiphp: ACPI Hot Plug PCI Controller Driver version: 0.5
[    0.146976] PCI: Using configuration type 1 for base access
[    0.148003] PCI: Using configuration type 1 for extended access
[    0.149200] HugeTLB registered 2.00 MiB page size, pre-allocated 0 pages
[    0.150179] ACPI: Added _OSI(Module Device)
[    0.150729] ACPI: Added _OSI(Processor Device)
[    0.151222] ACPI: Added _OSI(3.0 _SCP Extensions)
[    0.151766] ACPI: Added _OSI(Processor Aggregator Device)
[    0.152007] ACPI: Added _OSI(Linux-Dell-Video)
[    0.152543] ACPI: Added _OSI(Linux-Lenovo-NV-HDMI-Audio)
[    0.153130] ACPI: Added _OSI(Linux-HPI-Hybrid-Graphics)
[    0.153885] ACPI: Executed 1 blocks of module-level executable AML code
[    0.156673] ACPI: Interpreter enabled
[    0.157111] ACPI: (supports S0 S5)
[    0.157510] ACPI: Using IOAPIC for interrupt routing
[    0.158193] PCI: Using host bridge windows from ACPI; if necessary, use "pci=nocrs" and report a bug
[    0.159308] ACPI: Enabled 2 GPEs in block 00 to 07
[    0.162904] ACPI: PCI Root Bridge [PCI0] (domain 0000 [bus 00-ff])
[    0.163577] acpi PNP0A03:00: _OSC: OS supports [ExtendedConfig ASPM ClockPM Segments MSI]
[    0.164516] acpi PNP0A03:00: _OSC: platform does not support [PCIeCapability]
[    0.165514] acpi PNP0A03:00: _OSC: not requesting control; platform does not support [PCIeCapability]
[    0.166518] acpi PNP0A03:00: _OSC: OS requested [PCIeHotplug PME AER PCIeCapability]
[    0.167405] acpi PNP0A03:00: _OSC: platform willing to grant [PCIeHotplug PME AER]
[    0.168002] acpi PNP0A03:00: _OSC failed (AE_SUPPORT); disabling ASPM
[    0.168918] PCI host bridge to bus 0000:00
[    0.169389] pci_bus 0000:00: root bus resource [io  0x0000-0x0cf7 window]
[    0.170131] pci_bus 0000:00: root bus resource [io  0x0d00-0xffff window]
[    0.170849] pci_bus 0000:00: root bus resource [mem 0x000a0000-0x000bffff window]
[    0.172002] pci_bus 0000:00: root bus resource [mem 0x40000000-0xfdffffff window]
[    0.172828] pci_bus 0000:00: root bus resource [bus 00-ff]
[    0.174593] pci 0000:00:01.1: legacy IDE quirk: reg 0x10: [io  0x01f0-0x01f7]
[    0.175438] pci 0000:00:01.1: legacy IDE quirk: reg 0x14: [io  0x03f6]
[    0.176001] pci 0000:00:01.1: legacy IDE quirk: reg 0x18: [io  0x0170-0x0177]
[    0.176752] pci 0000:00:01.1: legacy IDE quirk: reg 0x1c: [io  0x0376]
[    0.183809] pci 0000:00:07.0: quirk: [io  0x4000-0x403f] claimed by PIIX4 ACPI
[    0.184008] pci 0000:00:07.0: quirk: [io  0x4100-0x410f] claimed by PIIX4 SMB
[    0.187702] ACPI: PCI Interrupt Link [LNKA] (IRQs 5 9 10 *11)
[    0.188163] ACPI: PCI Interrupt Link [LNKB] (IRQs 5 9 *10 11)
[    0.188830] ACPI: PCI Interrupt Link [LNKC] (IRQs 5 *9 10 11)
[    0.189512] ACPI: PCI Interrupt Link [LNKD] (IRQs 5 9 10 *11)
[    0.190291] SCSI subsystem initialized
[    0.190779] pci 0000:00:02.0: vgaarb: setting as boot VGA device
[    0.191400] pci 0000:00:02.0: vgaarb: VGA device added: decodes=io+mem,owns=io+mem,locks=none
[    0.192002] pci 0000:00:02.0: vgaarb: bridge control possible
[    0.192603] vgaarb: loaded
[    0.192944] ACPI: bus type USB registered
[    0.193402] usbcore: registered new interface driver usbfs
[    0.194027] usbcore: registered new interface driver hub
[    0.194661] usbcore: registered new device driver usb
[    0.196033] EDAC MC: Ver: 3.0.0
[    0.196567] PCI: Using ACPI for IRQ routing
[    0.197179] NetLabel: Initializing
[    0.197569] NetLabel:  domain hash size = 128
[    0.198033] NetLabel:  protocols = UNLABELED CIPSOv4 CALIPSO
[    0.198631] NetLabel:  unlabeled traffic allowed by default
[    0.199283] clocksource: Switched to clocksource kvm-clock
[    0.201734] VFS: Disk quotas dquot_6.6.0
[    0.202246] VFS: Dquot-cache hash table entries: 512 (order 0, 4096 bytes)
[    0.203082] AppArmor: AppArmor Filesystem Enabled
[    0.203619] pnp: PnP ACPI init
[    0.204579] pnp: PnP ACPI: found 3 devices
[    0.210109] clocksource: acpi_pm: mask: 0xffffff max_cycles: 0xffffff, max_idle_ns: 2085701024 ns
[    0.211150] NET: Registered protocol family 2
[    0.211656] IP idents hash table entries: 16384 (order: 5, 131072 bytes)
[    0.212482] TCP established hash table entries: 8192 (order: 4, 65536 bytes)
[    0.213208] TCP bind hash table entries: 8192 (order: 5, 131072 bytes)
[    0.213883] TCP: Hash tables configured (established 8192 bind 8192)
[    0.214611] UDP hash table entries: 512 (order: 2, 16384 bytes)
[    0.215259] UDP-Lite hash table entries: 512 (order: 2, 16384 bytes)
[    0.215923] NET: Registered protocol family 1
[    0.216446] pci 0000:00:00.0: Limiting direct PCI/PCI transfers
[    0.217137] pci 0000:00:01.0: Activating ISA DMA hang workarounds
[    0.217818] pci 0000:00:02.0: Video device with shadowed ROM at [mem 0x000c0000-0x000dffff]
[    0.218776] Unpacking initramfs...
[    0.372498] Freeing initrd memory: 19528K
[    0.373123] clocksource: tsc: mask: 0xffffffffffffffff max_cycles: 0x7038ce6147f, max_idle_ns: 881590992287 ns
[    0.374174] platform rtc_cmos: registered platform RTC device (no PNP device found)
[    0.374987] Scanning for low memory corruption every 60 seconds
[    0.375879] Initialise system trusted keyrings
[    0.376395] Key type blacklist registered
[    0.376862] workingset: timestamp_bits=36 max_order=18 bucket_order=0
[    0.377934] zbud: loaded
[    0.378438] squashfs: version 4.0 (2009/01/31) Phillip Lougher
[    0.379092] fuse init (API version 7.26)
[    0.379896] Key type asymmetric registered
[    0.380362] Asymmetric key parser 'x509' registered
[    0.380890] Block layer SCSI generic (bsg) driver version 0.4 loaded (major 246)
[    0.381714] io scheduler noop registered
[    0.382151] io scheduler deadline registered
[    0.382625] io scheduler cfq registered (default)
[    0.383256] ACPI: AC Adapter [AC] (on-line)
[    0.383733] input: Power Button as /devices/LNXSYSTM:00/LNXPWRBN:00/input/input0
[    0.384511] ACPI: Power Button [PWRF]
[    0.384941] input: Sleep Button as /devices/LNXSYSTM:00/LNXSLPBN:00/input/input1
[    0.385701] ACPI: Sleep Button [SLPF]
[    0.386187] Serial: 8250/16550 driver, 32 ports, IRQ sharing enabled
[    0.407267] 00:02: ttyS0 at I/O 0x3f8 (irq = 4, base_baud = 115200) is a 16550A
[    0.408685] Linux agpgart interface v0.103
[    0.409771] loop: module loaded
[    0.410436] scsi host0: ata_piix
[    0.410902] scsi host1: ata_piix
[    0.411304] ata1: PATA max UDMA/33 cmd 0x1f0 ctl 0x3f6 bmdma 0xd000 irq 14
[    0.412040] ata2: PATA max UDMA/33 cmd 0x170 ctl 0x376 bmdma 0xd008 irq 15
[    0.412932] tun: Universal TUN/TAP device driver, 1.6
[    0.413501] PPP generic driver version 2.4.2
[    0.413998] ehci_hcd: USB 2.0 'Enhanced' Host Controller (EHCI) Driver
[    0.414682] ehci-pci: EHCI PCI platform driver
[    0.415190] ehci-platform: EHCI generic platform driver
[    0.415785] ohci_hcd: USB 1.1 'Open' Host Controller (OHCI) Driver
[    0.416578] ohci-pci: OHCI PCI platform driver
[    0.417071] ohci-platform: OHCI generic platform driver
[    0.417631] uhci_hcd: USB Universal Host Controller Interface driver
[    0.418353] i8042: PNP: PS/2 Controller [PNP0303:PS2K,PNP0f03:PS2M] at 0x60,0x64 irq 1,12
[    0.419549] serio: i8042 KBD port at 0x60,0x64 irq 1
[    0.420140] serio: i8042 AUX port at 0x60,0x64 irq 12
[    0.420703] mousedev: PS/2 mouse device common for all mice
[    0.421462] input: AT Translated Set 2 keyboard as /devices/platform/i8042/serio0/input/input2
[    0.422572] rtc_cmos rtc_cmos: rtc core: registered rtc_cmos as rtc0
[    0.423253] rtc_cmos rtc_cmos: alarms up to one day, 114 bytes nvram
[    0.423903] i2c /dev entries driver
[    0.424325] device-mapper: uevent: version 1.0.3
[    0.424827] device-mapper: ioctl: 4.37.0-ioctl (2017-09-20) initialised: dm-devel@redhat.com
[    0.425684] ledtrig-cpu: registered to indicate activity on CPUs
[    0.426401] NET: Registered protocol family 10
[    0.428291] Segment Routing with IPv6
[    0.428898] NET: Registered protocol family 17
[    0.429374] Key type dns_resolver registered
[    0.429875] mce: Using 0 MCE banks
[    0.430246] RAS: Correctable Errors collector initialized.
[    0.430806] sched_clock: Marking stable (428882896, 0)->(533671654, -104788758)
[    0.431603] registered taskstats version 1
[    0.432046] Loading compiled-in X.509 certificates
[    0.433501] Loaded X.509 cert 'Build time autogenerated kernel key: b5b26778eaa3ab3a4a6cee031137706e947d12ad'
[    0.434796] Loaded X.509 cert 'Canonical Ltd. Live Patch Signing: 14df34d1a87cf37625abec039ef2bf521249b969'
[    0.436034] Loaded X.509 cert 'Canonical Ltd. Kernel Module Signing: 88f752e560a1e0737e31163a466ad7b70a850c19'
[    0.437104] blacklist: Loading compiled-in revocation X.509 certificates
[    0.437811] Loaded X.509 cert 'Canonical Ltd. Secure Boot Signing: 61482aa2830d0ab2ad5af10b7250da9033ddcef0'
[    0.438791] Loaded X.509 cert 'Canonical Ltd. Secure Boot Signing (2017): 242ade75ac4a15e50d50c84b0d45ff3eae707a03'
[    0.439819] Loaded X.509 cert 'Canonical Ltd. Secure Boot Signing (ESM 2018): 365188c1d374d6b07c3c8f240f8ef722433d6a8b'
[    0.440943] Loaded X.509 cert 'Canonical Ltd. Secure Boot Signing (2019): c0746fd6c5da3ae827864651ad66ae47fe24b3e8'
[    0.442324] Loaded X.509 cert 'Canonical Ltd. Secure Boot Signing (2021 v1): a8d54bbb3825cfb94fa13c9f8a594a195c107b8d'
[    0.444296] Loaded X.509 cert 'Canonical Ltd. Secure Boot Signing (2021 v2): 4cf046892d6fd3c9a5b03f98d845f90851dc6a8c'
[    0.445331] Loaded X.509 cert 'Canonical Ltd. Secure Boot Signing (2021 v3): 100437bb6de6e469b581e61cd66bce3ef4ed53af'
[    0.446522] Loaded X.509 cert 'Canonical Ltd. Secure Boot Signing (Ubuntu Core 2019): c1d57b8f6b743f23ee41f4f7ee292f06eecadfb9'
[    0.447741] zswap: loaded using pool lzo/zbud
[    0.449559] Key type big_key registered
[    0.449990] Key type trusted registered
[    0.451005] Key type encrypted registered
[    0.451449] AppArmor: AppArmor sha1 policy hashing enabled
[    0.452006] ima: No TPM chip found, activating TPM-bypass! (rc=-19)
[    0.452725] ima: Allocated hash algorithm: sha1
[    0.453217] evm: HMAC attrs: 0x1
[    0.453723]   Magic number: 1:31:14
[    0.454165] rtc_cmos rtc_cmos: setting system clock to 2025-07-19 06:01:23 UTC (1752904883)
[    0.455084] BIOS EDD facility v0.16 2004-Jun-25, 0 devices found
[    0.455714] EDD information not available.
[    0.595917] Freeing unused kernel image memory: 2480K
[    0.604322] Write protecting the kernel read-only data: 20480k
[    0.605422] Freeing unused kernel image memory: 2008K
[    0.606122] Freeing unused kernel image memory: 1820K
[    0.609851] x86/mm: Checked W+X mappings: passed, no W+X pages found.
Loading, please wait...
starting version 237
[    0.663174] e1000: Intel(R) PRO/1000 Network Driver - version 7.3.21-k8-NAPI
[    0.663970] e1000: Copyright (c) 1999-2006 Intel Corporation.
[    0.666776] Fusion MPT base driver 3.04.20
[    0.667286] Copyright (c) 1999-2008 LSI Corporation
[    0.669678] Fusion MPT SPI Host driver 3.04.20
[    0.679314] mptbase: ioc0: Initiating bringup
[    0.681769] AVX2 version of gcm_enc/dec engaged.
[    0.682270] AES CTR mode by8 optimization enabled
[    0.784266] ioc0: LSI53C1030 A0: Capabilities={Initiator}
[    0.877113] input: ImExPS/2 Generic Explorer Mouse as /devices/platform/i8042/serio1/input/input4
[    1.024953] scsi host2: ioc0: LSI53C1030 A0, FwRev=00000000h, Ports=1, MaxQ=256, IRQ=20
[    1.192424] scsi 2:0:0:0: Direct-Access     VBOX     HARDDISK         1.0  PQ: 0 ANSI: 5
[    1.193506] scsi target2:0:0: Beginning Domain Validation
[    1.195497] scsi target2:0:0: Domain Validation skipping write tests
[    1.196243] scsi target2:0:0: Ending Domain Validation
[    1.196905] scsi target2:0:0: asynchronous
[    1.197580] scsi 2:0:1:0: Direct-Access     VBOX     HARDDISK         1.0  PQ: 0 ANSI: 5
[    1.198842] scsi target2:0:1: Beginning Domain Validation
[    1.199796] scsi target2:0:1: Domain Validation skipping write tests
[    1.200434] scsi target2:0:1: Ending Domain Validation
[    1.200980] scsi target2:0:1: asynchronous
[    1.203760] sd 2:0:0:0: [sda] 83886080 512-byte logical blocks: (42.9 GB/40.0 GiB)
[    1.204623] sd 2:0:0:0: [sda] Write Protect is off
[    1.205220] sd 2:0:0:0: Attached scsi generic sg0 type 0
[    1.205795] sd 2:0:0:0: [sda] Incomplete mode parameter data
[    1.206373] sd 2:0:0:0: [sda] Assuming drive cache: write through
[    1.207801] sd 2:0:1:0: [sdb] 20480 512-byte logical blocks: (10.5 MB/10.0 MiB)
[    1.208565] sd 2:0:1:0: [sdb] Write Protect is off
[    1.209273] sd 2:0:1:0: [sdb] Incomplete mode parameter data
[    1.209826] sd 2:0:1:0: [sdb] Assuming drive cache: write through
[    1.210693] sd 2:0:1:0: Attached scsi generic sg1 type 0
[    1.211241]  sda: sda1
[    1.211911] sd 2:0:0:0: [sda] Attached SCSI disk
[    1.212911] sd 2:0:1:0: [sdb] Attached SCSI disk
[    1.534784] e1000 0000:00:03.0 eth0: (PCI:33MHz:32-bit) 02:3b:7b:b7:3b:2d
[    1.535638] e1000 0000:00:03.0 eth0: Intel(R) PRO/1000 Network Connection
[    1.875208] e1000 0000:00:08.0 eth1: (PCI:33MHz:32-bit) 08:00:27:92:eb:09
[    1.875887] e1000 0000:00:08.0 eth1: Intel(R) PRO/1000 Network Connection
[    1.877323] e1000 0000:00:08.0 enp0s8: renamed from eth1
[    1.878864] e1000 0000:00:03.0 enp0s3: renamed from eth0
Begin: Loading essential drivers ... [    3.204857] raid6: sse2x1   gen()  8064 MB/s
[    3.252021] raid6: sse2x1   xor() 13542 MB/s
[    3.300867] raid6: sse2x2   gen() 16673 MB/s
[    3.349258] raid6: sse2x2   xor() 17378 MB/s
[    3.397911] raid6: sse2x4   gen() 22875 MB/s
[    3.444040] raid6: sse2x4   xor() 12496 MB/s
[    3.492694] raid6: avx2x1   gen() 18681 MB/s
[    3.541434] raid6: avx2x1   xor() 27213 MB/s
[    3.589398] raid6: avx2x2   gen() 35149 MB/s
[    3.637788] raid6: avx2x2   xor() 33387 MB/s
[    3.684707] raid6: avx2x4   gen() 38398 MB/s
[    3.733625] raid6: avx2x4   xor() 19276 MB/s
[    3.734219] raid6: using algorithm avx2x4 gen() 38398 MB/s
[    3.734781] raid6: .... xor() 19276 MB/s, rmw enabled
[    3.735323] raid6: using avx2x2 recovery algorithm
[    3.736891] xor: automatically using best checksumming function   avx       
[    3.738403] async_tx: api initialized (async)
done.
Begin: Running /scripts/init-premount ... done.
Begin: Mounting root file system ... Begin: Running /scripts/local-top ... done.
Begin: Running /scripts/local-premount ... [    3.766747] Btrfs loaded, crc32c=crc32c-intel
Scanning for Btrfs filesystems
done.
Warning: fsck not present, so skipping root file system
[    3.780698] EXT4-fs (sda1): INFO: recovery required on readonly filesystem
[    3.781408] EXT4-fs (sda1): write access will be enabled during recovery
[    3.784808] EXT4-fs (sda1): recovery complete
[    3.785829] EXT4-fs (sda1): mounted filesystem with ordered data mode. Opts: (null)
done.
Begin: Running /scripts/local-bottom ... done.
Begin: Running /scripts/init-bottom ... done.
[    3.904844] ip_tables: (C) 2000-2006 Netfilter Core Team
[    3.910513] systemd[1]: systemd 237 running in system mode. (+PAM +AUDIT +SELINUX +IMA +APPARMOR +SMACK +SYSVINIT +UTMP +LIBCRYPTSETUP +GCRYPT +GNUTLS +ACL +XZ +LZ4 +SECCOMP +BLKID +ELFUTILS +KMOD -IDN2 +IDN -PCRE2 default-hierarchy=hybrid)
[    3.913320] systemd[1]: Detected virtualization oracle.
[    3.913841] systemd[1]: Detected architecture x86-64.

Welcome to [1mUbuntu 18.04.6 LTS[0m!

[    3.916969] systemd[1]: Set hostname to <apache-chef>.
[    4.097622] systemd[1]: Reached target Swap.
[[0;32m  OK  [0m] Reached target Swap.
[    4.098821] systemd[1]: Created slice User and Session Slice.
[[0;32m  OK  [0m] Created slice User and Session Slice.
[    4.099855] systemd[1]: Reached target Mounting snaps.
[[0;32m  OK  [0m] Reached target Mounting snaps.
[    4.100779] systemd[1]: Reached target Mounted snaps.
[[0;32m  OK  [0m] Reached target Mounted snaps.
[    4.101695] systemd[1]: Started Forward Password Requests to Wall Directory Watch.
[[0;32m  OK  [0m] Started Forward Password Requests to Wall Directory Watch.
[    4.103003] systemd[1]: Reached target User and Group Name Lookups.
[[0;32m  OK  [0m] Reached target User and Group Name Lookups.
[[0;32m  OK  [0m] Created slice System Slice.
[[0;32m  OK  [0m] Listening on Syslog Socket.
[[0;32m  OK  [0m] Listening on Journal Socket.
[[0;32m  OK  [0m] Listening on Device-mapper event daemon FIFOs.
         Starting Set the console keyboard layout...
[[0;32m  OK  [0m] Listening on LVM2 metadata daemon socket.
         Starting Monitoring of LVM2 mirrors…ng dmeventd or progress polling...
[[0;32m  OK  [0m] Listening on udev Control Socket.
[[0;32m  OK  [0m] Listening on Journal Audit Socket.
         Starting Create list of required st…ce nodes for the current kernel...
[[0;32m  OK  [0m] Listening on udev Kernel Socket.
         Starting udev Coldplug all Devices...
         Mounting POSIX Message Queue File System...
[[0;32m  OK  [0m] Listening on fsck to fsckd communication Socket.
[[0;32m  OK  [0m] Listening on Journal Socket (/dev/log).
         Mounting Kernel Debug File System...
         Starting Journal Service...
[[0;32m  OK  [0m] Listening on LVM2 poll daemon socket.
         Starting Load Kernel Modules...
[[0;32m  OK  [0m] Listening on Network Service Netlink Socket.
[[0;32m  OK  [0m] Listening on /dev/initctl Compatibility Named Pipe.
         Mounting Huge Pages File System...
         Starting Uncomplicated firewall...
[[0;32m  OK  [0m] Reached target Slices.
[[0;32m  OK  [0m] Reached target System Time Synchronized.
         Starting File System Check on Root Device...
[[0;32m  OK  [0m] Set up automount Arbitrary Executab…rmats File System Automount Point.
[[0;32m  OK  [0m] Created slice system-serial\x2dgetty.slice.
[[0;32m  OK  [0m] Started Create list of required sta…vice nodes for the current kernel.
         Starting Create Static Device Nodes in /dev...
[[0;32m  OK  [0m] Started udev Coldplug all Devices.
[[0;32m  OK  [0m] Started LVM2 metadata daemon.
[[0;32m  OK  [0m] Started Journal Service.
[    4.195411] Loading iSCSI transport class v2.0-870.
[    4.198662] iscsi: registered transport (tcp)
[    4.206879] iscsi: registered transport (iser)
[[0;32m  OK  [0m] Started Load Kernel Modules.
         Mounting FUSE Control File System...
         Starting Apply Kernel Variables...
         Mounting Kernel Configuration File System...
[[0;32m  OK  [0m] Started Uncomplicated firewall.
[[0;32m  OK  [0m] Started File System Check Daemon to report status.
[[0;32m  OK  [0m] Started Create Static Device Nodes in /dev.
[[0;32m  OK  [0m] Mounted Kernel Debug File System.
[[0;32m  OK  [0m] Mounted Kernel Configuration File System.
[[0;32m  OK  [0m] Mounted POSIX Message Queue File System.
[[0;32m  OK  [0m] Mounted Huge Pages File System.
[[0;32m  OK  [0m] Mounted FUSE Control File System.
[[0;32m  OK  [0m] Started Monitoring of LVM2 mirrors,…sing dmeventd or progress polling.
[[0;32m  OK  [0m] Started Apply Kernel Variables.
[[0;32m  OK  [0m] Started File System Check on Root Device.
         Starting Remount Root and Kernel File Systems...
[[0;32m  OK  [0m] Started Remount Root and Kernel File Systems.
         Starting Load/Save Random Seed...
         Starting udev Kernel Device Manager...
         Starting Flush Journal to Persistent Storage...
[[0;32m  OK  [0m] Started Load/Save Random Seed.
[[0;32m  OK  [0m] Started udev Kernel Device Manager.
[[0;32m  OK  [0m] Started Set the console keyboard layout.
[[0;32m  OK  [0m] Reached target Local File Systems (Pre).
[[0;32m  OK  [0m] Reached target Local File Systems.
         Starting ebtables ruleset management...
         Starting Tell Plymouth To Write Out Runtime Data...
         Starting AppArmor initialization...
         Starting Set console font and keymap...
[[0;32m  OK  [0m] Started Dispatch Password Requests to Console Directory Watch.
[[0;32m  OK  [0m] Reached target Local Encrypted Volumes.
[[0;32m  OK  [0m] Started Flush Journal to Persistent Storage.
         Starting Create Volatile Files and Directories...
[[0;32m  OK  [0m] Started Tell Plymouth To Write Out Runtime Data.
[[0;32m  OK  [0m] Started Set console font and keymap.
[[0;32m  OK  [0m] Started Create Volatile Files and Directories.
         Starting Update UTMP about System Boot/Shutdown...
[[0;32m  OK  [0m] Started Update UTMP about System Boot/Shutdown.
[[0;32m  OK  [0m] Started ebtables ruleset management.
[[0;32m  OK  [0m] Found device /dev/ttyS0.
[[0;32m  OK  [0m] Listening on Load/Save RF Kill Switch Status /dev/rfkill Watch.
[[0;32m  OK  [0m] Started AppArmor initialization.
         Starting Load AppArmor profiles managed internally by snapd...
         Starting Initial cloud-init job (pre-networking)...
         Mounting Arbitrary Executable File Formats File System...
[[0;32m  OK  [0m] Mounted Arbitrary Executable File Formats File System.
[[0;32m  OK  [0m] Started Load AppArmor profiles managed internally by snapd.
[    5.457048] cloud-init[560]: Cloud-init v. 23.1.2-0ubuntu0~18.04.1 running 'init-local' at Sat, 19 Jul 2025 06:01:28 +0000. Up 5.34 seconds.
[[0;32m  OK  [0m] Started Initial cloud-init job (pre-networking).
[[0;32m  OK  [0m] Reached target Network (Pre).
         Starting Network Service...
[[0;32m  OK  [0m] Started Network Service.
         Starting Wait for Network to be Configured...
         Starting Network Name Resolution...
[[0;32m  OK  [0m] Started Network Name Resolution.
[[0;32m  OK  [0m] Reached target Host and Network Name Lookups.
[[0;32m  OK  [0m] Reached target Network.
[[0;32m  OK  [0m] Started Wait for Network to be Configured.
         Starting Initial cloud-init job (metadata service crawler)...
[    7.385215] cloud-init[668]: Cloud-init v. 23.1.2-0ubuntu0~18.04.1 running 'init' at Sat, 19 Jul 2025 06:01:30 +0000. Up 7.26 seconds.
[    7.386556] cloud-init[668]: ci-info: +++++++++++++++++++++++++++++++++++++++++++Net device info++++++++++++++++++++++++++++++++++++++++++++
[    7.387431] cloud-init[668]: ci-info: +--------+------+---------------------------------------+---------------+--------+-------------------+
[    7.388245] cloud-init[668]: ci-info: | Device |  Up  |                Address                |      Mask     | Scope  |     Hw-Address    |
[    7.390445] cloud-init[668]: ci-info: +--------+------+---------------------------------------+---------------+--------+-------------------+
[    7.391304] cloud-init[668]: ci-info: | enp0s3 | True |               10.0.2.15               | 255.255.255.0 | global | 02:3b:7b:b7:3b:2d |
[    7.392970] cloud-init[668]: ci-info: | enp0s3 | True | fd17:625c:f037:2:3b:7bff:feb7:3b2d/64 |       .       | global | 02:3b:7b:b7:3b:2d |
[    7.395248] cloud-init[668]: ci-info: | enp0s3 | True |       fe80::3b:7bff:feb7:3b2d/64      |       .       |  link  | 02:3b:7b:b7:3b:2d |
[    7.395984] cloud-init[668]: ci-info: | enp0s8 | True |             192.168.56.10             | 255.255.255.0 | global | 08:00:27:92:eb:09 |
[    7.398347] cloud-init[668]: ci-info: | enp0s8 | True |      fe80::a00:27ff:fe92:eb09/64      |       .       |  link  | 08:00:27:92:eb:09 |
[    7.399246] cloud-init[668]: ci-info: |   lo   | True |               127.0.0.1               |   255.0.0.0   |  host  |         .         |
[    7.400860] cloud-init[668]: ci-info: |   lo   | True |                ::1/128                |       .       |  host  |         .         |
[    7.402384] cloud-init[668]: ci-info: +--------+------+---------------------------------------+---------------+--------+-------------------+
[    7.405644] cloud-init[668]: ci-info: +++++++++++++++++++++++++++++Route IPv4 info+++++++++++++++++++++++++++++
[    7.406907] cloud-init[668]: ci-info: +-------+--------------+----------+-----------------+-----------+-------+
[    7.408691] cloud-init[668]: ci-info: | Route | Destination  | Gateway  |     Genmask     | Interface | Flags |
[    7.411366] cloud-init[668]: ci-info: +-------+--------------+----------+-----------------+-----------+-------+
[    7.412295] cloud-init[668]: ci-info: |   0   |   0.0.0.0    | 10.0.2.2 |     0.0.0.0     |   enp0s3  |   UG  |
[    7.414643] cloud-init[668]: ci-info: |   1   |   10.0.2.0   | 0.0.0.0  |  255.255.255.0  |   enp0s3  |   U   |
[    7.415394] cloud-init[668]: ci-info: |   2   |   10.0.2.2   | 0.0.0.0  | 255.255.255.255 |   enp0s3  |   UH  |
[    7.418733] cloud-init[668]: ci-info: |   3   | 192.168.56.0 | 0.0.0.0  |  255.255.255.0  |   enp0s8  |   U   |
[    7.419427] cloud-init[668]: ci-info: +-------+--------------+----------+-----------------+-----------+-------+
[    7.420102] cloud-init[668]: ci-info: ++++++++++++++++++++++++Route IPv6 info++++++++++++++++++++++++
[    7.420729] cloud-init[668]: ci-info: +-------+-----------------------+---------+-----------+-------+
[    7.424169] cloud-init[668]: ci-info: | Route |      Destination      | Gateway | Interface | Flags |
[    7.425010] cloud-init[668]: ci-info: +-------+-----------------------+---------+-----------+-------+
[    7.425776] cloud-init[668]: ci-info: |   1   | fd17:625c:f037:2::/64 |    ::   |   enp0s3  |   U   |
[    7.426391] cloud-init[668]: ci-info: |   2   |       fe80::/64       |    ::   |   enp0s8  |   U   |
[    7.428898] cloud-init[668]: ci-info: |   3   |       fe80::/64       |    ::   |   enp0s3  |   U   |
[    7.431078] cloud-init[668]: ci-info: |   4   |          ::/0         | fe80::2 |   enp0s3  |   UG  |
[    7.431965] cloud-init[668]: ci-info: |   6   |         local         |    ::   |   enp0s3  |   U   |
[    7.434191] cloud-init[668]: ci-info: |   7   |         local         |    ::   |   enp0s8  |   U   |
[    7.434826] cloud-init[668]: ci-info: |   8   |        ff00::/8       |    ::   |   enp0s8  |   U   |
[    7.435497] cloud-init[668]: ci-info: |   9   |        ff00::/8       |    ::   |   enp0s3  |   U   |
[    7.438298] cloud-init[668]: ci-info: +-------+-----------------------+---------+-----------+-------+
[[0;32m  OK  [0m] Started Initial cloud-init job (metadata service crawler).
[[0;32m  OK  [0m] Reached target Cloud-config availability.
[[0;32m  OK  [0m] Reached target Network is Online.
         Starting Availability of block devices...
[[0;32m  OK  [0m] Reached target Remote File Systems (Pre).
         Mounting /vagrant...
         Mounting /tmp/vagrant-chef/51fc2b6279f4fd6b692a69ae2f0c7c28/nodes...
         Mounting /tmp/vagrant-chef/ecf9c1f9…317d9fcd4db63902ecb7a/cookbooks...
[[0;32m  OK  [0m] Reached target System Initialization.
[[0;32m  OK  [0m] Started Discard unused blocks once a week.
[[0;32m  OK  [0m] Started Ubuntu Advantage Timer for running repeated jobs.
[[0;32m  OK  [0m] Started ACPI Events Check.
         Starting Socket activation for snappy daemon.
[[0;32m  OK  [0m] Listening on ACPID Listen Socket.
[[0;32m  OK  [0m] Listening on Open-iSCSI iscsid Socket.
         Starting LXD - unix socket.
[[0;32m  OK  [0m] Reached target Paths.
[[0;32m  OK  [0m] Started Daily apt download activities.
[[0;32m  OK  [0m] Started Daily apt upgrade and clean activities.
[[0;32m  OK  [0m] Listening on UUID daemon activation socket.
[[0;32m  OK  [0m] Started Daily Cleanup of Temporary Directories.
[[0;32m  OK  [0m] Listening on D-Bus System Message Bus Socket.
[[0;32m  OK  [0m] Listening on cloud-init hotplug hook socket.
[[0;32m  OK  [0m] Started Message of the Day.
[[0;32m  OK  [0m] Reached target Timers.
[[0;32m  OK  [0m] Started Availability of block devices.
[[0;32m  OK  [0m] Listening on Socket activation for snappy daemon.
[[0;32m  OK  [0m] Listening on LXD - unix socket.
[[0;32m  OK  [0m] Reached target Sockets.
[[0;32m  OK  [0m] Reached target Basic System.
[[0;32m  OK  [0m] Started irqbalance daemon.
         Starting System Logging Service...
[[0;32m  OK  [0m] Started Deferred execution scheduler.
         Starting LXD - container startup/shutdown...
[[0;32m  OK  [0m] Reached target Login Prompts (Pre).
[[0;32m  OK  [0m] Started D-Bus System Message Bus.
         Starting Virtualbox guest utils...
[[0;32m  OK  [0m] Started FUSE filesystem for LXC.
         Starting Snap Daemon...
         Starting Dispatcher daemon for systemd-networkd...
         Starting Login Service...
         Starting Accounts Service...
         Starting LSB: Record successful boot for GRUB...
         Starting OpenBSD Secure Shell server...
[[0;32m  OK  [0m] Started Regular background program processing daemon.
[[0;32m  OK  [0m] Started System Logging Service.
[[0;32m  OK  [0m] Mounted /vagrant.
[[0;32m  OK  [0m] Mounted /tmp/vagrant-chef/51fc2b6279f4fd6b692a69ae2f0c7c28/nodes.
[[0;32m  OK  [0m] Mounted /tmp/vagrant-chef/ecf9c1f9433317d9fcd4db63902ecb7a/cookbooks.
[[0;32m  OK  [0m] Started LXD - container startup/shutdown.
[[0;32m  OK  [0m] Started Login Service.
[[0;32m  OK  [0m] Started Unattended Upgrades Shutdown.
         Starting Hostname Service...
[[0;32m  OK  [0m] Reached target Remote File Systems.
         Starting Permit User Sessions...
         Starting LSB: automatic crash report generation...
         Starting Authorization Manager...
[[0;32m  OK  [0m] Started Permit User Sessions.
         Starting Hold until boot process finishes up...
         Starting Terminate Plymouth Boot Screen...
[[0;32m  OK  [0m] Started Hold until boot process finishes up.
         Starting Set console scheme...
[[0;32m  OK  [0m] Started Serial Getty on ttyS0.
[[0;32m  OK  [0m] Started OpenBSD Secure Shell server.
[[0;32m  OK  [0m] Started Terminate Plymouth Boot Screen.
[[0;32m  OK  [0m] Started Hostname Service.
[[0;32m  OK  [0m] Started Authorization Manager.
[[0;32m  OK  [0m] Started Set console scheme.
[[0;32m  OK  [0m] Created slice system-getty.slice.
[[0;32m  OK  [0m] Started Getty on tty1.
[[0;32m  OK  [0m] Reached target Login Prompts.
[[0;32m  OK  [0m] Started Accounts Service.
[[0;32m  OK  [0m] Started LSB: Record successful boot for GRUB.
[[0;32m  OK  [0m] Started LSB: automatic crash report generation.
[[0;32m  OK  [0m] Started Virtualbox guest utils.
[[0;32m  OK  [0m] Started Dispatcher daemon for systemd-networkd.
[[0;32m  OK  [0m] Started Snap Daemon.
         Starting Wait until snapd is fully seeded...
         Starting Time & Date Service...
[[0;32m  OK  [0m] Started Time & Date Service.
[[0;32m  OK  [0m] Started Wait until snapd is fully seeded.
         Starting Apply the settings specified in cloud-config...
[    8.807731] cloud-init[1057]: Cloud-init v. 23.1.2-0ubuntu0~18.04.1 running 'modules:config' at Sat, 19 Jul 2025 06:01:31 +0000. Up 8.72 seconds.
[[0;32m  OK  [0m] Started Apply the settings specified in cloud-config.
[[0;32m  OK  [0m] Reached target Multi-User System.
         Starting Execute cloud user/final scripts...
[[0;32m  OK  [0m] Reached target Graphical Interface.
         Starting Update UTMP about System Runlevel Changes...
[[0;32m  OK  [0m] Started Update UTMP about System Runlevel Changes.
[    9.320087] cloud-init[1097]: Cloud-init v. 23.1.2-0ubuntu0~18.04.1 running 'modules:final' at Sat, 19 Jul 2025 06:01:32 +0000. Up 9.21 seconds.
[    9.321312] cloud-init[1097]: Cloud-init v. 23.1.2-0ubuntu0~18.04.1 finished at Sat, 19 Jul 2025 06:01:32 +0000. Datasource DataSourceNoCloud [seed=/dev/sdb][dsmode=net].  Up 9.31 seconds
[[0;32m  OK  [0m] Started Execute cloud user/final scripts.
[[0;32m  OK  [0m] Reached target Cloud-init target.

Ubuntu 18.04.6 LTS apache-chef ttyS0

apache-chef login: [[0;32m  OK  [0m] Stopped Unattended Upgrades Shutdown.
         Stopping Session 3 of user vagrant.
[[0;32m  OK  [0m] Stopped target Cloud-init target.
         Stopping User Manager for UID 1000...
[[0;32m  OK  [0m] Stopped Execute cloud user/final scripts.
         Stopping Availability of block devices...
         Stopping Authorization Manager...
[[0;32m  OK  [0m] Closed Load/Save RF Kill Switch Status /dev/rfkill Watch.
[[0;32m  OK  [0m] Stopped target Timers.
[[0;32m  OK  [0m] Stopped Daily apt upgrade and clean activities.
[[0;32m  OK  [0m] Stopped Ubuntu Advantage Timer for running repeated jobs.
[[0;32m  OK  [0m] Stopped Daily apt download activities.
[[0;32m  OK  [0m] Stopped Apply the settings specified in cloud-config.
         Stopping Session 6 of user vagrant.
[[0;32m  OK  [0m] Stopped Discard unused blocks once a week.
[[0;32m  OK  [0m] Stopped Daily Cleanup of Temporary Directories.
[[0;32m  OK  [0m] Stopped target Graphical Interface.
[[0;32m  OK  [0m] Stopped target Multi-User System.
         Stopping System Logging Service...
         Stopping FUSE filesystem for LXC...
[[0;32m  OK  [0m] Stopped Wait until snapd is fully seeded.
         Stopping Virtualbox guest utils...
         Stopping OpenBSD Secure Shell server...
         Stopping Regular background program processing daemon...
         Stopping Dispatcher daemon for systemd-networkd...
[[0;32m  OK  [0m] Stopped target Login Prompts.
         Stopping Serial Getty on ttyS0...
         Stopping Getty on tty1...
         Stopping D-Bus System Message Bus...
         Stopping LXD - container startup/shutdown...
         Stopping Deferred execution scheduler...
         Stopping The Apache HTTP Server...
         Stopping LSB: automatic crash report generation...
         Stopping Accounts Service...
         Stopping LSB: Record successful boot for GRUB...
[[0;32m  OK  [0m] Stopped target Cloud-config availability.
[[0;32m  OK  [0m] Stopped Message of the Day.
[[0;32m  OK  [0m] Stopped target System Time Synchronized.
[[0;32m  OK  [0m] Unmounted /var/lib/lxcfs.
[[0;32m  OK  [0m] Stopped System Logging Service.
[[0;32m  OK  [0m] Stopped Deferred execution scheduler.
[[0;32m  OK  [0m] Stopped Dispatcher daemon for systemd-networkd.
[[0;32m  OK  [0m] Stopped Regular background program processing daemon.
[[0;32m  OK  [0m] Stopped OpenBSD Secure Shell server.
[[0;32m  OK  [0m] Stopped Authorization Manager.
[[0;32m  OK  [0m] Stopped Serial Getty on ttyS0.
[[0;32m  OK  [0m] Stopped Getty on tty1.
[[0;32m  OK  [0m] Stopped Accounts Service.
[[0;32m  OK  [0m] Stopped User Manager for UID 1000.
[[0;32m  OK  [0m] Stopped FUSE filesystem for LXC.
[[0;32m  OK  [0m] Stopped Session 6 of user vagrant.
[[0;32m  OK  [0m] Stopped D-Bus System Message Bus.
[[0;32m  OK  [0m] Stopped Session 3 of user vagrant.
[[0;32m  OK  [0m] Removed slice User Slice of vagrant.
         Stopping Login Service...
[[0;32m  OK  [0m] Removed slice system-getty.slice.
[[0;32m  OK  [0m] Stopped target Login Prompts (Pre).
[[0;32m  OK  [0m] Removed slice system-serial\x2dgetty.slice.
         Stopping Permit User Sessions...
[[0;32m  OK  [0m] Stopped Login Service.
[[0;32m  OK  [0m] Stopped Availability of block devices.
[[0;32m  OK  [0m] Stopped LXD - container startup/shutdown.
[[0;32m  OK  [0m] Stopped Permit User Sessions.
[[0;32m  OK  [0m] Stopped target User and Group Name Lookups.
[[0;32m  OK  [0m] Stopped LSB: Record successful boot for GRUB.
[[0;32m  OK  [0m] Stopped LSB: automatic crash report generation.
[[0;32m  OK  [0m] Stopped Virtualbox guest utils.
[[0;32m  OK  [0m] Stopped The Apache HTTP Server.
[[0;32m  OK  [0m] Stopped target Remote File Systems.
         Unmounting /tmp/vagrant-chef/51fc2b6279f4fd6b692a69ae2f0c7c28/nodes...
         Unmounting /tmp/vagrant-chef/ecf9c1…317d9fcd4db63902ecb7a/cookbooks...
         Unmounting /vagrant...
[[0;32m  OK  [0m] Stopped target Host and Network Name Lookups.
[[0;32m  OK  [0m] Stopped target Basic System.
[[0;32m  OK  [0m] Stopped target Slices.
[[0;32m  OK  [0m] Removed slice User and Session Slice.
[[0;32m  OK  [0m] Stopped target Paths.
[[0;32m  OK  [0m] Stopped ACPI Events Check.
[[0;32m  OK  [0m] Stopped target Sockets.
[[0;32m  OK  [0m] Closed Syslog Socket.
[[0;32m  OK  [0m] Closed LXD - unix socket.
[[0;32m  OK  [0m] Closed cloud-init hotplug hook socket.
[[0;32m  OK  [0m] Closed ACPID Listen Socket.
[[0;32m  OK  [0m] Closed Socket activation for snappy daemon.
[[0;32m  OK  [0m] Closed D-Bus System Message Bus Socket.
[[0;32m  OK  [0m] Closed Open-iSCSI iscsid Socket.
[[0;32m  OK  [0m] Closed UUID daemon activation socket.
[[0;32m  OK  [0m] Stopped target System Initialization.
         Stopping Load/Save Random Seed...
[[0;32m  OK  [0m] Stopped target Local Encrypted Volumes.
[[0;32m  OK  [0m] Stopped Forward Password Requests to Wall Directory Watch.
[[0;32m  OK  [0m] Stopped Dispatch Password Requests to Console Directory Watch.
         Stopping Update UTMP about System Boot/Shutdown...
[[0;32m  OK  [0m] Unmounted /vagrant.
[[0;32m  OK  [0m] Unmounted /tmp/vagrant-chef/51fc2b6279f4fd6b692a69ae2f0c7c28/nodes.
[[0;32m  OK  [0m] Unmounted /tmp/vagrant-chef/ecf9c1f…33317d9fcd4db63902ecb7a/cookbooks.
[[0;32m  OK  [0m] Stopped target Network is Online.
[[0;32m  OK  [0m] Stopped Initial cloud-init job (metadata service crawler).
[[0;32m  OK  [0m] Stopped target Network.
         Stopping Network Name Resolution...
[[0;32m  OK  [0m] Stopped target Remote File Systems (Pre).
[[0;32m  OK  [0m] Stopped Update UTMP about System Boot/Shutdown.
[[0;32m  OK  [0m] Stopped Load/Save Random Seed.
[[0;32m  OK  [0m] Stopped Network Name Resolution.
[[0;32m  OK  [0m] Stopped Create Volatile Files and Directories.
[[0;32m  OK  [0m] Stopped target Local File Systems.
[[0;32m  OK  [0m] Stopped target Mounted snaps.
[[0;32m  OK  [0m] Stopped target Mounting snaps.
         Unmounting /run/user/1000...
         Stopping Network Service...
[[0;32m  OK  [0m] Unmounted /run/user/1000.
[[0;32m  OK  [0m] Reached target Unmount All Filesystems.
[[0;32m  OK  [0m] Stopped target Local File Systems (Pre).
[[0;32m  OK  [0m] Stopped Create Static Device Nodes in /dev.
         Stopping Monitoring of LVM2 mirrors…ng dmeventd or progress polling...
[[0;32m  OK  [0m] Stopped target Swap.
[[0;32m  OK  [0m] Stopped Network Service.
[[0;32m  OK  [0m] Stopped Apply Kernel Variables.
[[0;32m  OK  [0m] Stopped Load Kernel Modules.
[[0;32m  OK  [0m] Stopped target Network (Pre).
[[0;32m  OK  [0m] Stopped Initial cloud-init job (pre-networking).
[[0;32m  OK  [0m] Stopped Remount Root and Kernel File Systems.
[[0;32m  OK  [0m] Reached target Shutdown.
[[0;32m  OK  [0m] Reached target Final Step.
         Starting Power-Off...
[ 1175.617051] reboot: Power down
